<?xml version="1.0" encoding="UTF-8"?>
<testsuite name="com.sasatech.bookdodum.ProjcetApplicationTests" tests="1" skipped="0" failures="0" errors="0" timestamp="2023-03-27T10:33:13" hostname="DESKTOP-KVCQHCD" time="0.121">
  <properties/>
  <testcase name="contextLoads()" classname="com.sasatech.bookdodum.ProjcetApplicationTests" time="0.121"/>
  <system-out><![CDATA[19:33:06.103 [Test worker] DEBUG org.springframework.test.context.BootstrapUtils - Instantiating CacheAwareContextLoaderDelegate from class [org.springframework.test.context.cache.DefaultCacheAwareContextLoaderDelegate]
19:33:06.115 [Test worker] DEBUG org.springframework.test.context.BootstrapUtils - Instantiating BootstrapContext using constructor [public org.springframework.test.context.support.DefaultBootstrapContext(java.lang.Class,org.springframework.test.context.CacheAwareContextLoaderDelegate)]
19:33:06.151 [Test worker] DEBUG org.springframework.test.context.BootstrapUtils - Instantiating TestContextBootstrapper for test class [com.sasatech.bookdodum.ProjcetApplicationTests] from class [org.springframework.boot.test.context.SpringBootTestContextBootstrapper]
19:33:06.164 [Test worker] INFO org.springframework.boot.test.context.SpringBootTestContextBootstrapper - Neither @ContextConfiguration nor @ContextHierarchy found for test class [com.sasatech.bookdodum.ProjcetApplicationTests], using SpringBootContextLoader
19:33:06.168 [Test worker] DEBUG org.springframework.test.context.support.AbstractContextLoader - Did not detect default resource location for test class [com.sasatech.bookdodum.ProjcetApplicationTests]: class path resource [com/sasatech/bookdodum/ProjcetApplicationTests-context.xml] does not exist
19:33:06.168 [Test worker] DEBUG org.springframework.test.context.support.AbstractContextLoader - Did not detect default resource location for test class [com.sasatech.bookdodum.ProjcetApplicationTests]: class path resource [com/sasatech/bookdodum/ProjcetApplicationTestsContext.groovy] does not exist
19:33:06.168 [Test worker] INFO org.springframework.test.context.support.AbstractContextLoader - Could not detect default resource locations for test class [com.sasatech.bookdodum.ProjcetApplicationTests]: no resource found for suffixes {-context.xml, Context.groovy}.
19:33:06.169 [Test worker] INFO org.springframework.test.context.support.AnnotationConfigContextLoaderUtils - Could not detect default configuration classes for test class [com.sasatech.bookdodum.ProjcetApplicationTests]: ProjcetApplicationTests does not declare any static, non-private, non-final, nested classes annotated with @Configuration.
19:33:06.208 [Test worker] DEBUG org.springframework.test.context.support.ActiveProfilesUtils - Could not find an 'annotation declaring class' for annotation type [org.springframework.test.context.ActiveProfiles] and class [com.sasatech.bookdodum.ProjcetApplicationTests]
19:33:06.272 [Test worker] DEBUG org.springframework.context.annotation.ClassPathScanningCandidateComponentProvider - Identified candidate component class: file [C:\Users\multicampus\Desktop\S08P22C104\backend\SpringFramework\bookdodum\build\classes\java\main\com\sasatech\bookdodum\ProjcetApplication.class]
19:33:06.274 [Test worker] INFO org.springframework.boot.test.context.SpringBootTestContextBootstrapper - Found @SpringBootConfiguration com.sasatech.bookdodum.ProjcetApplication for test class com.sasatech.bookdodum.ProjcetApplicationTests
19:33:06.378 [Test worker] DEBUG org.springframework.boot.test.context.SpringBootTestContextBootstrapper - @TestExecutionListeners is not present for class [com.sasatech.bookdodum.ProjcetApplicationTests]: using defaults.
19:33:06.379 [Test worker] INFO org.springframework.boot.test.context.SpringBootTestContextBootstrapper - Loaded default TestExecutionListener class names from location [META-INF/spring.factories]: [org.springframework.boot.test.autoconfigure.restdocs.RestDocsTestExecutionListener, org.springframework.boot.test.autoconfigure.web.client.MockRestServiceServerResetTestExecutionListener, org.springframework.boot.test.autoconfigure.web.servlet.MockMvcPrintOnlyOnFailureTestExecutionListener, org.springframework.boot.test.autoconfigure.web.servlet.WebDriverTestExecutionListener, org.springframework.boot.test.autoconfigure.webservices.client.MockWebServiceServerTestExecutionListener, org.springframework.boot.test.mock.mockito.MockitoTestExecutionListener, org.springframework.boot.test.mock.mockito.ResetMocksTestExecutionListener, org.springframework.test.context.web.ServletTestExecutionListener, org.springframework.test.context.support.DirtiesContextBeforeModesTestExecutionListener, org.springframework.test.context.event.ApplicationEventsTestExecutionListener, org.springframework.test.context.support.DependencyInjectionTestExecutionListener, org.springframework.test.context.support.DirtiesContextTestExecutionListener, org.springframework.test.context.transaction.TransactionalTestExecutionListener, org.springframework.test.context.jdbc.SqlScriptsTestExecutionListener, org.springframework.test.context.event.EventPublishingTestExecutionListener]
19:33:06.403 [Test worker] INFO org.springframework.boot.test.context.SpringBootTestContextBootstrapper - Using TestExecutionListeners: [org.springframework.test.context.web.ServletTestExecutionListener@62577d6, org.springframework.test.context.support.DirtiesContextBeforeModesTestExecutionListener@49bd54f7, org.springframework.test.context.event.ApplicationEventsTestExecutionListener@6b5f8707, org.springframework.boot.test.mock.mockito.MockitoTestExecutionListener@772485dd, org.springframework.boot.test.autoconfigure.SpringBootDependencyInjectionTestExecutionListener@5a12c728, org.springframework.test.context.support.DirtiesContextTestExecutionListener@79ab3a71, org.springframework.test.context.transaction.TransactionalTestExecutionListener@6e5bfdfc, org.springframework.test.context.jdbc.SqlScriptsTestExecutionListener@3d829787, org.springframework.test.context.event.EventPublishingTestExecutionListener@71652c98, org.springframework.boot.test.autoconfigure.restdocs.RestDocsTestExecutionListener@51bde877, org.springframework.boot.test.autoconfigure.web.client.MockRestServiceServerResetTestExecutionListener@60b85ba1, org.springframework.boot.test.autoconfigure.web.servlet.MockMvcPrintOnlyOnFailureTestExecutionListener@492fc69e, org.springframework.boot.test.autoconfigure.web.servlet.WebDriverTestExecutionListener@117632cf, org.springframework.boot.test.autoconfigure.webservices.client.MockWebServiceServerTestExecutionListener@2fb68ec6, org.springframework.boot.test.mock.mockito.ResetMocksTestExecutionListener@d71adc2]
19:33:06.407 [Test worker] DEBUG org.springframework.test.context.support.AbstractDirtiesContextTestExecutionListener - Before test class: context [DefaultTestContext@7668d560 testClass = ProjcetApplicationTests, testInstance = [null], testMethod = [null], testException = [null], mergedContextConfiguration = [WebMergedContextConfiguration@46292372 testClass = ProjcetApplicationTests, locations = '{}', classes = '{class com.sasatech.bookdodum.ProjcetApplication}', contextInitializerClasses = '[]', activeProfiles = '{}', propertySourceLocations = '{}', propertySourceProperties = '{org.springframework.boot.test.context.SpringBootTestContextBootstrapper=true}', contextCustomizers = set[org.springframework.boot.test.autoconfigure.actuate.metrics.MetricsExportContextCustomizerFactory$DisableMetricExportContextCustomizer@1e63ec0b, org.springframework.boot.test.autoconfigure.properties.PropertyMappingContextCustomizer@0, org.springframework.boot.test.autoconfigure.web.servlet.WebDriverContextCustomizerFactory$Customizer@5b057c8c, org.springframework.boot.test.context.filter.ExcludeFilterContextCustomizer@650eab8, org.springframework.boot.test.json.DuplicateJsonObjectContextCustomizerFactory$DuplicateJsonObjectContextCustomizer@4f2c9ba6, org.springframework.boot.test.mock.mockito.MockitoContextCustomizer@0, org.springframework.boot.test.web.client.TestRestTemplateContextCustomizer@2783717b, org.springframework.boot.test.web.reactive.server.WebTestClientContextCustomizer@2dbe250d, org.springframework.boot.test.context.SpringBootTestArgs@1, org.springframework.boot.test.context.SpringBootTestWebEnvironment@4b34fff9], resourceBasePath = 'src/main/webapp', contextLoader = 'org.springframework.boot.test.context.SpringBootContextLoader', parent = [null]], attributes = map['org.springframework.test.context.web.ServletTestExecutionListener.activateListener' -> true]], class annotated with @DirtiesContext [false] with mode [null].
19:33:06.434 [Test worker] DEBUG org.springframework.test.context.support.TestPropertySourceUtils - Adding inlined properties to environment: {spring.jmx.enabled=false, org.springframework.boot.test.context.SpringBootTestContextBootstrapper=true}

  .   ____          _            __ _ _
 /\\ / ___'_ __ _ _(_)_ __  __ _ \ \ \ \
( ( )\___ | '_ | '_| | '_ \/ _` | \ \ \ \
 \\/  ___)| |_)| | | | | || (_| |  ) ) ) )
  '  |____| .__|_| |_|_| |_\__, | / / / /
 =========|_|==============|___/=/_/_/_/
 :: Spring Boot ::                (v2.5.0)

2023-03-27 19:33:06.763  INFO 6980 --- [    Test worker] c.s.bookdodum.ProjcetApplicationTests    : Starting ProjcetApplicationTests using Java 11.0.18 on DESKTOP-KVCQHCD with PID 6980 (started by multicampus in C:\Users\multicampus\Desktop\S08P22C104\backend\SpringFramework\bookdodum)
2023-03-27 19:33:06.766  INFO 6980 --- [    Test worker] c.s.bookdodum.ProjcetApplicationTests    : No active profile set, falling back to default profiles: default
2023-03-27 19:33:06.939  WARN 6980 --- [kground-preinit] o.s.h.c.j.Jackson2ObjectMapperBuilder    : For Jackson Kotlin classes support please add "com.fasterxml.jackson.module:jackson-module-kotlin" to the classpath
2023-03-27 19:33:07.593  INFO 6980 --- [    Test worker] .s.d.r.c.RepositoryConfigurationDelegate : Bootstrapping Spring Data JPA repositories in DEFAULT mode.
2023-03-27 19:33:07.812  INFO 6980 --- [    Test worker] .s.d.r.c.RepositoryConfigurationDelegate : Finished Spring Data repository scanning in 212 ms. Found 8 JPA repository interfaces.
2023-03-27 19:33:08.461  INFO 6980 --- [    Test worker] o.hibernate.jpa.internal.util.LogHelper  : HHH000204: Processing PersistenceUnitInfo [name: default]
2023-03-27 19:33:08.529  INFO 6980 --- [    Test worker] org.hibernate.Version                    : HHH000412: Hibernate ORM core version 5.4.31.Final
2023-03-27 19:33:08.723  INFO 6980 --- [    Test worker] o.hibernate.annotations.common.Version   : HCANN000001: Hibernate Commons Annotations {5.1.2.Final}
2023-03-27 19:33:08.908  INFO 6980 --- [    Test worker] com.zaxxer.hikari.HikariDataSource       : HikariPool-1 - Starting...
2023-03-27 19:33:09.097  INFO 6980 --- [    Test worker] com.zaxxer.hikari.HikariDataSource       : HikariPool-1 - Start completed.
2023-03-27 19:33:09.113  INFO 6980 --- [    Test worker] org.hibernate.dialect.Dialect            : HHH000400: Using dialect: org.hibernate.dialect.MySQL5InnoDBDialect
2023-03-27 19:33:10.054  INFO 6980 --- [    Test worker] o.h.e.t.j.p.i.JtaPlatformInitiator       : HHH000490: Using JtaPlatform implementation: [org.hibernate.engine.transaction.jta.platform.internal.NoJtaPlatform]
2023-03-27 19:33:10.064  INFO 6980 --- [    Test worker] j.LocalContainerEntityManagerFactoryBean : Initialized JPA EntityManagerFactory for persistence unit 'default'
2023-03-27 19:33:10.814  INFO 6980 --- [    Test worker] c.s.bookdodum.security.JwtTokenProvider  : [init] JwtTokenProvider 내 secretKey 초기화 시작
2023-03-27 19:33:10.815  INFO 6980 --- [    Test worker] c.s.bookdodum.security.JwtTokenProvider  : [init] JwtTokenProvider 내 secretKey 초기화 완료
2023-03-27 19:33:11.002  WARN 6980 --- [    Test worker] JpaBaseConfiguration$JpaWebConfiguration : spring.jpa.open-in-view is enabled by default. Therefore, database queries may be performed during view rendering. Explicitly configure spring.jpa.open-in-view to disable this warning
2023-03-27 19:33:12.803  INFO 6980 --- [    Test worker] o.s.s.web.DefaultSecurityFilterChain     : Will secure Ant [pattern='/v2/api-docs'] with []
2023-03-27 19:33:12.804  INFO 6980 --- [    Test worker] o.s.s.web.DefaultSecurityFilterChain     : Will secure Ant [pattern='/swagger-resources/**'] with []
2023-03-27 19:33:12.804  INFO 6980 --- [    Test worker] o.s.s.web.DefaultSecurityFilterChain     : Will secure Ant [pattern='/swagger-ui.html'] with []
2023-03-27 19:33:12.804  INFO 6980 --- [    Test worker] o.s.s.web.DefaultSecurityFilterChain     : Will secure Ant [pattern='/webjars/**'] with []
2023-03-27 19:33:12.804  INFO 6980 --- [    Test worker] o.s.s.web.DefaultSecurityFilterChain     : Will secure Ant [pattern='/swagger/**'] with []
2023-03-27 19:33:12.804  INFO 6980 --- [    Test worker] o.s.s.web.DefaultSecurityFilterChain     : Will secure Ant [pattern='sign-api/exception'] with []
2023-03-27 19:33:12.903  INFO 6980 --- [    Test worker] o.s.s.web.DefaultSecurityFilterChain     : Will secure any request with [org.springframework.security.web.context.request.async.WebAsyncManagerIntegrationFilter@17a756db, org.springframework.security.web.context.SecurityContextPersistenceFilter@1c3eeda4, org.springframework.security.web.header.HeaderWriterFilter@383d2e2d, org.springframework.security.web.authentication.logout.LogoutFilter@458500d1, com.sasatech.bookdodum.security.JwtAuthenticationFilter@2d10160a, org.springframework.security.web.savedrequest.RequestCacheAwareFilter@2250deae, org.springframework.security.web.servletapi.SecurityContextHolderAwareRequestFilter@289d9f0d, org.springframework.security.web.authentication.AnonymousAuthenticationFilter@157ff8f8, org.springframework.security.web.session.SessionManagementFilter@54af9cce, org.springframework.security.web.access.ExceptionTranslationFilter@2bd67cf9, org.springframework.security.web.access.intercept.FilterSecurityInterceptor@7d1b96b9]
2023-03-27 19:33:13.037  INFO 6980 --- [    Test worker] c.s.bookdodum.ProjcetApplicationTests    : Started ProjcetApplicationTests in 6.598 seconds (JVM running for 9.053)
2023-03-27 19:33:13.038  INFO 6980 --- [    Test worker] o.s.b.a.ApplicationAvailabilityBean      : Application availability state LivenessState changed to CORRECT
2023-03-27 19:33:13.040  INFO 6980 --- [    Test worker] o.s.b.a.ApplicationAvailabilityBean      : Application availability state ReadinessState changed to ACCEPTING_TRAFFIC
]]></system-out>
  <system-err><![CDATA[]]></system-err>
</testsuite>
