<?xml version="1.0" encoding="UTF-8"?>
<testsuite name="com.sasatech.bookdodum.ProjectApplicationTests" tests="1" skipped="0" failures="0" errors="0" timestamp="2023-04-06T18:39:17" hostname="iwonseog-ui-MacBookAir.local" time="0.05">
  <properties/>
  <testcase name="contextLoads()" classname="com.sasatech.bookdodum.ProjectApplicationTests" time="0.05"/>
  <system-out><![CDATA[03:39:12.813 [Test worker] DEBUG org.springframework.test.context.BootstrapUtils - Instantiating CacheAwareContextLoaderDelegate from class [org.springframework.test.context.cache.DefaultCacheAwareContextLoaderDelegate]
03:39:12.823 [Test worker] DEBUG org.springframework.test.context.BootstrapUtils - Instantiating BootstrapContext using constructor [public org.springframework.test.context.support.DefaultBootstrapContext(java.lang.Class,org.springframework.test.context.CacheAwareContextLoaderDelegate)]
03:39:12.847 [Test worker] DEBUG org.springframework.test.context.BootstrapUtils - Instantiating TestContextBootstrapper for test class [com.sasatech.bookdodum.ProjectApplicationTests] from class [org.springframework.boot.test.context.SpringBootTestContextBootstrapper]
03:39:12.854 [Test worker] INFO org.springframework.boot.test.context.SpringBootTestContextBootstrapper - Neither @ContextConfiguration nor @ContextHierarchy found for test class [com.sasatech.bookdodum.ProjectApplicationTests], using SpringBootContextLoader
03:39:12.857 [Test worker] DEBUG org.springframework.test.context.support.AbstractContextLoader - Did not detect default resource location for test class [com.sasatech.bookdodum.ProjectApplicationTests]: class path resource [com/sasatech/bookdodum/ProjectApplicationTests-context.xml] does not exist
03:39:12.857 [Test worker] DEBUG org.springframework.test.context.support.AbstractContextLoader - Did not detect default resource location for test class [com.sasatech.bookdodum.ProjectApplicationTests]: class path resource [com/sasatech/bookdodum/ProjectApplicationTestsContext.groovy] does not exist
03:39:12.857 [Test worker] INFO org.springframework.test.context.support.AbstractContextLoader - Could not detect default resource locations for test class [com.sasatech.bookdodum.ProjectApplicationTests]: no resource found for suffixes {-context.xml, Context.groovy}.
03:39:12.858 [Test worker] INFO org.springframework.test.context.support.AnnotationConfigContextLoaderUtils - Could not detect default configuration classes for test class [com.sasatech.bookdodum.ProjectApplicationTests]: ProjectApplicationTests does not declare any static, non-private, non-final, nested classes annotated with @Configuration.
03:39:12.882 [Test worker] DEBUG org.springframework.test.context.support.ActiveProfilesUtils - Could not find an 'annotation declaring class' for annotation type [org.springframework.test.context.ActiveProfiles] and class [com.sasatech.bookdodum.ProjectApplicationTests]
03:39:12.917 [Test worker] DEBUG org.springframework.context.annotation.ClassPathScanningCandidateComponentProvider - Identified candidate component class: file [/Users/wonseok/Desktop/SSAFY/무제 폴더/S08P22C104/backend/SpringFramework/bookdodum/build/classes/java/main/com/sasatech/bookdodum/ProjectApplication.class]
03:39:12.917 [Test worker] INFO org.springframework.boot.test.context.SpringBootTestContextBootstrapper - Found @SpringBootConfiguration com.sasatech.bookdodum.ProjectApplication for test class com.sasatech.bookdodum.ProjectApplicationTests
03:39:12.985 [Test worker] DEBUG org.springframework.boot.test.context.SpringBootTestContextBootstrapper - @TestExecutionListeners is not present for class [com.sasatech.bookdodum.ProjectApplicationTests]: using defaults.
03:39:12.985 [Test worker] INFO org.springframework.boot.test.context.SpringBootTestContextBootstrapper - Loaded default TestExecutionListener class names from location [META-INF/spring.factories]: [org.springframework.boot.test.autoconfigure.restdocs.RestDocsTestExecutionListener, org.springframework.boot.test.autoconfigure.web.client.MockRestServiceServerResetTestExecutionListener, org.springframework.boot.test.autoconfigure.web.servlet.MockMvcPrintOnlyOnFailureTestExecutionListener, org.springframework.boot.test.autoconfigure.web.servlet.WebDriverTestExecutionListener, org.springframework.boot.test.autoconfigure.webservices.client.MockWebServiceServerTestExecutionListener, org.springframework.boot.test.mock.mockito.MockitoTestExecutionListener, org.springframework.boot.test.mock.mockito.ResetMocksTestExecutionListener, org.springframework.test.context.web.ServletTestExecutionListener, org.springframework.test.context.support.DirtiesContextBeforeModesTestExecutionListener, org.springframework.test.context.event.ApplicationEventsTestExecutionListener, org.springframework.test.context.support.DependencyInjectionTestExecutionListener, org.springframework.test.context.support.DirtiesContextTestExecutionListener, org.springframework.test.context.transaction.TransactionalTestExecutionListener, org.springframework.test.context.jdbc.SqlScriptsTestExecutionListener, org.springframework.test.context.event.EventPublishingTestExecutionListener]
03:39:12.995 [Test worker] INFO org.springframework.boot.test.context.SpringBootTestContextBootstrapper - Using TestExecutionListeners: [org.springframework.test.context.web.ServletTestExecutionListener@3c8bdd5b, org.springframework.test.context.support.DirtiesContextBeforeModesTestExecutionListener@29d2d081, org.springframework.test.context.event.ApplicationEventsTestExecutionListener@40e4ea87, org.springframework.boot.test.mock.mockito.MockitoTestExecutionListener@58783f6c, org.springframework.boot.test.autoconfigure.SpringBootDependencyInjectionTestExecutionListener@3a7b503d, org.springframework.test.context.support.DirtiesContextTestExecutionListener@512d92b, org.springframework.test.context.transaction.TransactionalTestExecutionListener@62c5bbdc, org.springframework.test.context.jdbc.SqlScriptsTestExecutionListener@7bdf6bb7, org.springframework.test.context.event.EventPublishingTestExecutionListener@1bc53649, org.springframework.boot.test.autoconfigure.restdocs.RestDocsTestExecutionListener@88d6f9b, org.springframework.boot.test.autoconfigure.web.client.MockRestServiceServerResetTestExecutionListener@47d93e0d, org.springframework.boot.test.autoconfigure.web.servlet.MockMvcPrintOnlyOnFailureTestExecutionListener@475b7792, org.springframework.boot.test.autoconfigure.web.servlet.WebDriverTestExecutionListener@751e664e, org.springframework.boot.test.autoconfigure.webservices.client.MockWebServiceServerTestExecutionListener@160c3ec1, org.springframework.boot.test.mock.mockito.ResetMocksTestExecutionListener@182b435b]
03:39:12.997 [Test worker] DEBUG org.springframework.test.context.support.AbstractDirtiesContextTestExecutionListener - Before test class: context [DefaultTestContext@7bd69e82 testClass = ProjectApplicationTests, testInstance = [null], testMethod = [null], testException = [null], mergedContextConfiguration = [WebMergedContextConfiguration@74d7184a testClass = ProjectApplicationTests, locations = '{}', classes = '{class com.sasatech.bookdodum.ProjectApplication}', contextInitializerClasses = '[]', activeProfiles = '{}', propertySourceLocations = '{}', propertySourceProperties = '{org.springframework.boot.test.context.SpringBootTestContextBootstrapper=true}', contextCustomizers = set[org.springframework.boot.test.autoconfigure.actuate.metrics.MetricsExportContextCustomizerFactory$DisableMetricExportContextCustomizer@16746061, org.springframework.boot.test.autoconfigure.properties.PropertyMappingContextCustomizer@0, org.springframework.boot.test.autoconfigure.web.servlet.WebDriverContextCustomizerFactory$Customizer@201b6b6f, org.springframework.boot.test.context.filter.ExcludeFilterContextCustomizer@67ab1c47, org.springframework.boot.test.json.DuplicateJsonObjectContextCustomizerFactory$DuplicateJsonObjectContextCustomizer@2a3c96e3, org.springframework.boot.test.mock.mockito.MockitoContextCustomizer@0, org.springframework.boot.test.web.client.TestRestTemplateContextCustomizer@18230356, org.springframework.boot.test.web.reactive.server.WebTestClientContextCustomizer@ea9b7c6, org.springframework.boot.test.context.SpringBootTestArgs@1, org.springframework.boot.test.context.SpringBootTestWebEnvironment@2bec854f], resourceBasePath = 'src/main/webapp', contextLoader = 'org.springframework.boot.test.context.SpringBootContextLoader', parent = [null]], attributes = map['org.springframework.test.context.web.ServletTestExecutionListener.activateListener' -> true]], class annotated with @DirtiesContext [false] with mode [null].
03:39:13.015 [Test worker] DEBUG org.springframework.test.context.support.TestPropertySourceUtils - Adding inlined properties to environment: {spring.jmx.enabled=false, org.springframework.boot.test.context.SpringBootTestContextBootstrapper=true}

  .   ____          _            __ _ _
 /\\ / ___'_ __ _ _(_)_ __  __ _ \ \ \ \
( ( )\___ | '_ | '_| | '_ \/ _` | \ \ \ \
 \\/  ___)| |_)| | | | | || (_| |  ) ) ) )
  '  |____| .__|_| |_|_| |_\__, | / / / /
 =========|_|==============|___/=/_/_/_/
 :: Spring Boot ::                (v2.5.0)

2023-04-07 03:39:13.530  INFO 8500 --- [    Test worker] c.s.bookdodum.ProjectApplicationTests    : Starting ProjectApplicationTests using Java 11.0.14 on iwonseog-ui-MacBookAir.local with PID 8500 (started by wonseok in /Users/wonseok/Desktop/SSAFY/무제 폴더/S08P22C104/backend/SpringFramework/bookdodum)
2023-04-07 03:39:13.531  INFO 8500 --- [    Test worker] c.s.bookdodum.ProjectApplicationTests    : No active profile set, falling back to default profiles: default
2023-04-07 03:39:13.632  WARN 8500 --- [kground-preinit] o.s.h.c.j.Jackson2ObjectMapperBuilder    : For Jackson Kotlin classes support please add "com.fasterxml.jackson.module:jackson-module-kotlin" to the classpath
2023-04-07 03:39:13.994  INFO 8500 --- [    Test worker] .s.d.r.c.RepositoryConfigurationDelegate : Bootstrapping Spring Data JPA repositories in DEFAULT mode.
2023-04-07 03:39:14.150  INFO 8500 --- [    Test worker] .s.d.r.c.RepositoryConfigurationDelegate : Finished Spring Data repository scanning in 151 ms. Found 8 JPA repository interfaces.
2023-04-07 03:39:14.513  INFO 8500 --- [    Test worker] o.hibernate.jpa.internal.util.LogHelper  : HHH000204: Processing PersistenceUnitInfo [name: default]
2023-04-07 03:39:14.562  INFO 8500 --- [    Test worker] org.hibernate.Version                    : HHH000412: Hibernate ORM core version 5.4.31.Final
2023-04-07 03:39:14.682  INFO 8500 --- [    Test worker] o.hibernate.annotations.common.Version   : HCANN000001: Hibernate Commons Annotations {5.1.2.Final}
2023-04-07 03:39:14.768  INFO 8500 --- [    Test worker] com.zaxxer.hikari.HikariDataSource       : HikariPool-1 - Starting...
2023-04-07 03:39:15.054  INFO 8500 --- [    Test worker] com.zaxxer.hikari.HikariDataSource       : HikariPool-1 - Start completed.
2023-04-07 03:39:15.065  INFO 8500 --- [    Test worker] org.hibernate.dialect.Dialect            : HHH000400: Using dialect: org.hibernate.dialect.MySQL5InnoDBDialect
2023-04-07 03:39:15.950  INFO 8500 --- [    Test worker] o.h.e.t.j.p.i.JtaPlatformInitiator       : HHH000490: Using JtaPlatform implementation: [org.hibernate.engine.transaction.jta.platform.internal.NoJtaPlatform]
2023-04-07 03:39:15.955  INFO 8500 --- [    Test worker] j.LocalContainerEntityManagerFactoryBean : Initialized JPA EntityManagerFactory for persistence unit 'default'
2023-04-07 03:39:16.327  INFO 8500 --- [    Test worker] c.s.bookdodum.security.JwtTokenProvider  : [init] JwtTokenProvider 내 secretKey 초기화 시작
2023-04-07 03:39:16.327  INFO 8500 --- [    Test worker] c.s.bookdodum.security.JwtTokenProvider  : [init] JwtTokenProvider 내 secretKey 초기화 완료
2023-04-07 03:39:16.410  WARN 8500 --- [    Test worker] JpaBaseConfiguration$JpaWebConfiguration : spring.jpa.open-in-view is enabled by default. Therefore, database queries may be performed during view rendering. Explicitly configure spring.jpa.open-in-view to disable this warning
2023-04-07 03:39:16.497  INFO 8500 --- [    Test worker] o.s.s.web.DefaultSecurityFilterChain     : Will secure Ant [pattern='/v2/api-docs'] with []
2023-04-07 03:39:16.497  INFO 8500 --- [    Test worker] o.s.s.web.DefaultSecurityFilterChain     : Will secure Ant [pattern='/swagger-resources/**'] with []
2023-04-07 03:39:16.497  INFO 8500 --- [    Test worker] o.s.s.web.DefaultSecurityFilterChain     : Will secure Ant [pattern='/swagger-ui.html'] with []
2023-04-07 03:39:16.497  INFO 8500 --- [    Test worker] o.s.s.web.DefaultSecurityFilterChain     : Will secure Ant [pattern='/webjars/**'] with []
2023-04-07 03:39:16.497  INFO 8500 --- [    Test worker] o.s.s.web.DefaultSecurityFilterChain     : Will secure Ant [pattern='/swagger/**'] with []
2023-04-07 03:39:16.497  INFO 8500 --- [    Test worker] o.s.s.web.DefaultSecurityFilterChain     : Will secure Ant [pattern='sign-api/exception'] with []
2023-04-07 03:39:16.540  INFO 8500 --- [    Test worker] o.s.s.web.DefaultSecurityFilterChain     : Will secure any request with [org.springframework.security.web.context.request.async.WebAsyncManagerIntegrationFilter@55589ef5, org.springframework.security.web.context.SecurityContextPersistenceFilter@258291de, org.springframework.security.web.header.HeaderWriterFilter@6c2a33af, org.springframework.security.web.authentication.logout.LogoutFilter@2db75e32, com.sasatech.bookdodum.security.JwtAuthenticationFilter@23a9400c, org.springframework.security.web.savedrequest.RequestCacheAwareFilter@679886ad, org.springframework.security.web.servletapi.SecurityContextHolderAwareRequestFilter@7202009e, org.springframework.security.web.authentication.AnonymousAuthenticationFilter@793248d, org.springframework.security.web.session.SessionManagementFilter@642b71d6, org.springframework.security.web.access.ExceptionTranslationFilter@8bd9d08, org.springframework.security.web.access.intercept.FilterSecurityInterceptor@2f70d78c]
2023-04-07 03:39:17.438  INFO 8500 --- [    Test worker] c.s.bookdodum.ProjectApplicationTests    : Started ProjectApplicationTests in 4.419 seconds (JVM running for 5.157)
2023-04-07 03:39:17.438  INFO 8500 --- [    Test worker] o.s.b.a.ApplicationAvailabilityBean      : Application availability state LivenessState changed to CORRECT
2023-04-07 03:39:17.439  INFO 8500 --- [    Test worker] o.s.b.a.ApplicationAvailabilityBean      : Application availability state ReadinessState changed to ACCEPTING_TRAFFIC
]]></system-out>
  <system-err><![CDATA[]]></system-err>
</testsuite>
